2022-04-22 08:33:53 - __main__ - INFO - Current average temperature (VAV RAT):25.386
2022-04-22 08:33:53 - __main__ - INFO - Control Error:0.1359996795654297
2022-04-22 08:33:53 - __main__ - INFO - Set TSP to24.0
2022-04-22 08:33:53 - __main__ - INFO - Confident:0.5
2022-04-22 08:33:53 - __main__ - INFO - Data recorded.
2022-04-22 08:33:54 - __main__ - INFO - Data recorded.
2022-04-22 08:33:55 - __main__ - INFO - Data recorded.
2022-04-22 08:33:56 - __main__ - INFO - Current average temperature (VAV RAT):25.435009
2022-04-22 08:33:56 - __main__ - INFO - Control Error:0.18500900268554688
2022-04-22 08:33:56 - __main__ - INFO - Set TSP to23.5
2022-04-22 08:33:56 - __main__ - INFO - Confident:0.2507918761164812
2022-04-22 08:33:56 - __main__ - INFO - Data recorded.
2022-04-22 08:33:56 - __main__ - INFO - Data recorded.
2022-04-22 08:33:57 - __main__ - INFO - Data recorded.
2022-04-22 08:33:58 - __main__ - INFO - Current average temperature (VAV RAT):25.437956
2022-04-22 08:33:58 - __main__ - INFO - Control Error:0.1879558563232422
2022-04-22 08:33:58 - __main__ - INFO - Set TSP to23.0
2022-04-22 08:33:58 - __main__ - INFO - Confident:0.12672118995687728
2022-04-22 08:33:58 - __main__ - INFO - Data recorded.
2022-04-22 08:33:58 - __main__ - INFO - Data recorded.
2022-04-22 08:33:59 - __main__ - INFO - Data recorded.
2022-04-22 08:34:00 - __main__ - INFO - Current average temperature (VAV RAT):25.421595
2022-04-22 08:34:00 - __main__ - INFO - Control Error:0.17159461975097656
2022-04-22 08:34:00 - __main__ - INFO - Set TSP to23.0
2022-04-22 08:34:00 - __main__ - INFO - Confident:0.07889381352934555
2022-04-22 08:34:00 - __main__ - INFO - Data recorded.
2022-04-22 08:34:00 - __main__ - INFO - Data recorded.
2022-04-22 08:34:01 - __main__ - INFO - Data recorded.
2022-04-22 08:34:02 - __main__ - INFO - Current average temperature (VAV RAT):25.407705
2022-04-22 08:34:02 - __main__ - INFO - Control Error:0.15770530700683594
2022-04-22 08:34:02 - __main__ - INFO - Set TSP to22.5
2022-04-22 08:34:02 - __main__ - INFO - Confident:0.0619377253576871
2022-04-22 08:34:02 - __main__ - INFO - Data recorded.
2022-04-22 08:34:03 - __main__ - INFO - Data recorded.
2022-04-22 08:34:03 - __main__ - INFO - Data recorded.
2022-04-22 08:34:04 - __main__ - INFO - Current average temperature (VAV RAT):25.375439
2022-04-22 08:34:04 - __main__ - INFO - Control Error:0.12543869018554688
2022-04-22 08:34:04 - __main__ - INFO - Set TSP to22.5
2022-04-22 08:34:04 - __main__ - INFO - Confident:0.058752255951437606
2022-04-22 08:34:04 - __main__ - INFO - Data recorded.
2022-04-22 08:34:05 - __main__ - INFO - Data recorded.
2022-04-22 08:34:06 - __main__ - INFO - Data recorded.
2022-04-22 08:34:06 - __main__ - INFO - Current average temperature (VAV RAT):25.34733
2022-04-22 08:34:06 - __main__ - INFO - Control Error:0.09733009338378906
2022-04-22 08:34:06 - __main__ - INFO - Set TSP to22.5
2022-04-22 08:34:06 - __main__ - INFO - Confident:0.06230997325637959
2022-04-22 08:34:06 - __main__ - INFO - Data recorded.
2022-04-22 08:34:07 - __main__ - INFO - Data recorded.
2022-04-22 08:34:08 - __main__ - INFO - Data recorded.
2022-04-22 08:34:09 - __main__ - INFO - Current average temperature (VAV RAT):25.32258
2022-04-22 08:34:09 - __main__ - INFO - Control Error:0.07258033752441406
2022-04-22 08:34:09 - __main__ - INFO - Set TSP to22.5
2022-04-22 08:34:09 - __main__ - INFO - Confident:0.0709608501597167
2022-04-22 08:34:09 - __main__ - INFO - Data recorded.
2022-04-22 08:34:09 - __main__ - INFO - Data recorded.
2022-04-22 08:34:10 - __main__ - INFO - Data recorded.
2022-04-22 08:34:11 - __main__ - INFO - Current average temperature (VAV RAT):25.300304
2022-04-22 08:34:11 - __main__ - INFO - Control Error:0.050304412841796875
2022-04-22 08:34:11 - __main__ - INFO - Set TSP to22.5
2022-04-22 08:34:11 - __main__ - INFO - Confident:0.08052547664072193
2022-04-22 08:34:11 - __main__ - INFO - Data recorded.
2022-04-22 08:34:11 - __main__ - INFO - Data recorded.
2022-04-22 08:34:12 - __main__ - INFO - Data recorded.
2022-04-22 08:34:13 - __main__ - INFO - Current average temperature (VAV RAT):25.28004
2022-04-22 08:34:13 - __main__ - INFO - Control Error:0.030040740966796875
2022-04-22 08:34:13 - __main__ - INFO - Set TSP to22.5
2022-04-22 08:34:13 - __main__ - INFO - Confident:0.09271886347854927
2022-04-22 08:34:13 - __main__ - INFO - Data recorded.
2022-04-22 08:34:14 - __main__ - INFO - Data recorded.
2022-04-22 08:34:14 - __main__ - INFO - Data recorded.
2022-04-22 08:34:15 - __main__ - INFO - Current average temperature (VAV RAT):25.261623
2022-04-22 08:34:15 - __main__ - INFO - Control Error:0.011623382568359375
2022-04-22 08:34:15 - __main__ - INFO - Set TSP to22.5
2022-04-22 08:34:15 - __main__ - INFO - Confident:0.10581925872728087
2022-04-22 08:34:15 - __main__ - INFO - Data recorded.
2022-04-22 08:34:16 - __main__ - INFO - Data recorded.
2022-04-22 08:34:17 - __main__ - INFO - Data recorded.
2022-04-22 08:34:17 - __main__ - INFO - Current average temperature (VAV RAT):25.24457
2022-04-22 08:34:17 - __main__ - INFO - Control Error:-0.0054302215576171875
2022-04-22 08:34:17 - __main__ - INFO - Set TSP to22.5
2022-04-22 08:34:17 - __main__ - INFO - Confident:0.12047354581974178
2022-04-22 08:34:17 - __main__ - INFO - Data recorded.
2022-04-22 08:34:18 - __main__ - INFO - Data recorded.
2022-04-22 08:34:19 - __main__ - INFO - Data recorded.
2022-04-22 08:34:19 - __main__ - INFO - Current average temperature (VAV RAT):25.228298
2022-04-22 08:34:19 - __main__ - INFO - Control Error:-0.021701812744140625
2022-04-22 08:34:19 - __main__ - INFO - Set TSP to22.5
2022-04-22 08:34:19 - __main__ - INFO - Confident:0.1387931951252465
2022-04-22 08:34:19 - __main__ - INFO - Data recorded.
2022-04-22 08:34:20 - __main__ - INFO - Data recorded.
2022-04-22 08:34:20 - __main__ - INFO - Data recorded.
2022-04-22 08:34:21 - __main__ - INFO - Current average temperature (VAV RAT):25.212772
2022-04-22 08:34:21 - __main__ - INFO - Control Error:-0.037227630615234375
2022-04-22 08:34:21 - __main__ - INFO - Set TSP to22.5
2022-04-22 08:34:21 - __main__ - INFO - Confident:0.1631716956222084
2022-04-22 08:34:21 - __main__ - INFO - Data recorded.
2022-04-22 08:34:22 - __main__ - INFO - Data recorded.
2022-04-22 08:34:23 - __main__ - INFO - Data recorded.
2022-04-22 08:34:23 - __main__ - INFO - Current average temperature (VAV RAT):25.197956
2022-04-22 08:34:23 - __main__ - INFO - Control Error:-0.052043914794921875
2022-04-22 08:34:23 - __main__ - INFO - Set TSP to22.5
2022-04-22 08:34:23 - __main__ - INFO - Confident:0.20206059703449422
2022-04-22 08:34:23 - __main__ - INFO - Data recorded.
2022-04-22 08:34:24 - __main__ - INFO - Data recorded.
2022-04-22 08:34:25 - __main__ - INFO - Data recorded.
2022-04-22 08:34:26 - __main__ - INFO - Current average temperature (VAV RAT):25.183823
2022-04-22 08:34:26 - __main__ - INFO - Control Error:-0.0661773681640625
2022-04-22 08:34:26 - __main__ - INFO - Set TSP to22.5
2022-04-22 08:34:26 - __main__ - INFO - Confident:0.30195541309757984
2022-04-22 08:34:26 - __main__ - INFO - Data recorded.
2022-04-22 08:34:26 - __main__ - INFO - Data recorded.
2022-04-22 08:34:27 - __main__ - INFO - Data recorded.
2022-04-22 08:34:28 - __main__ - INFO - Current average temperature (VAV RAT):25.170319
2022-04-22 08:34:28 - __main__ - INFO - Control Error:-0.079681396484375
2022-04-22 08:34:28 - __main__ - INFO - Set TSP to22.5
2022-04-22 08:34:28 - __main__ - INFO - Confident:0.48485117786999854
2022-04-22 08:34:28 - __main__ - INFO - Data recorded.
2022-04-22 08:34:29 - __main__ - INFO - Data recorded.
2022-04-22 08:34:29 - __main__ - INFO - Data recorded.
2022-04-22 08:34:30 - __main__ - INFO - Current average temperature (VAV RAT):25.157497
2022-04-22 08:34:30 - __main__ - INFO - Control Error:-0.09250259399414062
2022-04-22 08:34:30 - __main__ - INFO - Set TSP to23.0
2022-04-22 08:34:30 - __main__ - INFO - Confident:0.6407460369035957
2022-04-22 08:34:30 - __main__ - INFO - Data recorded.
2022-04-22 08:34:31 - __main__ - INFO - Data recorded.
2022-04-22 08:34:32 - __main__ - INFO - Data recorded.
2022-04-22 08:34:33 - __main__ - INFO - Current average temperature (VAV RAT):25.188807
2022-04-22 08:34:33 - __main__ - INFO - Control Error:-0.06119346618652344
2022-04-22 08:34:33 - __main__ - INFO - Set TSP to23.0
2022-04-22 08:34:33 - __main__ - INFO - Confident:0.7293205098398367
2022-04-22 08:34:33 - __main__ - INFO - Data recorded.
2022-04-22 08:34:33 - __main__ - INFO - Data recorded.
2022-04-22 08:34:34 - __main__ - INFO - Data recorded.
2022-04-22 08:34:35 - __main__ - INFO - Current average temperature (VAV RAT):25.212723
2022-04-22 08:34:35 - __main__ - INFO - Control Error:-0.0372772216796875
2022-04-22 08:34:35 - __main__ - INFO - Set TSP to23.0
2022-04-22 08:34:35 - __main__ - INFO - Confident:0.8054516198139867
2022-04-22 08:34:35 - __main__ - INFO - Data recorded.
2022-04-22 08:34:36 - __main__ - INFO - Data recorded.
2022-04-22 08:34:36 - __main__ - INFO - Data recorded.
2022-04-22 08:34:37 - __main__ - INFO - Current average temperature (VAV RAT):25.230091
2022-04-22 08:34:37 - __main__ - INFO - Control Error:-0.019908905029296875
2022-04-22 08:34:37 - __main__ - INFO - Set TSP to23.0
2022-04-22 08:34:37 - __main__ - INFO - Confident:0.8494296823299663
2022-04-22 08:34:37 - __main__ - INFO - Data recorded.
2022-04-22 08:34:37 - __main__ - INFO - Data recorded.
2022-04-22 08:34:38 - __main__ - INFO - Data recorded.
2022-04-22 08:34:39 - __main__ - INFO - Current average temperature (VAV RAT):25.242695
2022-04-22 08:34:39 - __main__ - INFO - Control Error:-0.007305145263671875
2022-04-22 08:34:39 - __main__ - INFO - Set TSP to23.0
2022-04-22 08:34:39 - __main__ - INFO - Confident:0.8627406529844955
2022-04-22 08:34:39 - __main__ - INFO - Data recorded.
2022-04-22 08:34:39 - __main__ - INFO - Data recorded.
2022-04-22 08:34:40 - __main__ - INFO - Data recorded.
2022-04-22 08:34:41 - __main__ - INFO - Current average temperature (VAV RAT):25.251846
2022-04-22 08:34:41 - __main__ - INFO - Control Error:0.0018463134765625
2022-04-22 08:34:41 - __main__ - INFO - Set TSP to23.0
2022-04-22 08:34:41 - __main__ - INFO - Confident:0.8724673474781286
2022-04-22 08:34:41 - __main__ - INFO - Data recorded.
2022-04-22 08:34:41 - __main__ - INFO - Data recorded.
2022-04-22 08:34:42 - __main__ - INFO - Data recorded.
2022-04-22 08:34:42 - __main__ - INFO - Current average temperature (VAV RAT):25.258505
2022-04-22 08:34:42 - __main__ - INFO - Control Error:0.008504867553710938
2022-04-22 08:34:42 - __main__ - INFO - Set TSP to23.0
2022-04-22 08:34:42 - __main__ - INFO - Confident:0.8789419612810521
2022-04-22 08:34:43 - __main__ - INFO - Data recorded.
2022-04-22 08:34:43 - __main__ - INFO - Data recorded.
2022-04-22 08:34:44 - __main__ - INFO - Data recorded.
2022-04-22 08:34:45 - __main__ - INFO - Current average temperature (VAV RAT):25.263348
2022-04-22 08:34:45 - __main__ - INFO - Control Error:0.013347625732421875
2022-04-22 08:34:45 - __main__ - INFO - Set TSP to23.5
2022-04-22 08:34:45 - __main__ - INFO - Confident:0.8805899810802018
2022-04-22 08:34:45 - __main__ - INFO - Data recorded.
2022-04-22 08:34:45 - __main__ - INFO - Data recorded.
2022-04-22 08:34:46 - __main__ - INFO - Data recorded.
2022-04-22 08:34:47 - __main__ - INFO - Current average temperature (VAV RAT):25.322548
2022-04-22 08:34:47 - __main__ - INFO - Control Error:0.07254791259765625
2022-04-22 08:34:47 - __main__ - INFO - Set TSP to22.5
2022-04-22 08:34:47 - __main__ - INFO - Confident:0.8646103525329527
2022-04-22 08:34:47 - __main__ - INFO - Data recorded.
2022-04-22 08:34:47 - __main__ - INFO - Data recorded.
2022-04-22 08:34:48 - __main__ - INFO - Data recorded.
2022-04-22 08:34:48 - __main__ - INFO - A new model checkpoint has been created.
2022-04-22 08:34:48 - __main__ - INFO - Setpoint has back to 21.
2022-04-22 08:34:48 - __main__ - INFO - Data recorded.
2022-04-22 08:34:49 - __main__ - INFO - Data recorded.
2022-04-22 08:34:50 - __main__ - INFO - Data recorded.
2022-04-22 08:34:50 - __main__ - INFO - Setpoint has back to 21.
2022-04-22 08:34:50 - __main__ - INFO - Data recorded.
2022-04-22 08:34:51 - __main__ - INFO - Data recorded.
2022-04-22 08:34:52 - __main__ - INFO - Data recorded.
2022-04-22 08:34:53 - __main__ - INFO - Setpoint has back to 21.
2022-04-22 08:34:53 - __main__ - INFO - Data recorded.
2022-04-22 08:34:53 - __main__ - INFO - Data recorded.
2022-04-22 08:34:54 - __main__ - INFO - Data recorded.
2022-04-22 08:34:55 - __main__ - INFO - Setpoint has back to 21.
2022-04-22 08:34:55 - __main__ - INFO - Data recorded.
2022-04-22 08:34:55 - __main__ - INFO - Data recorded.
2022-04-22 08:34:56 - __main__ - INFO - Data recorded.
2022-04-22 08:34:57 - __main__ - INFO - Setpoint has back to 21.
2022-04-22 08:34:57 - __main__ - INFO - Data recorded.
2022-04-22 08:34:57 - __main__ - INFO - Data recorded.
2022-04-22 08:34:58 - __main__ - INFO - Data recorded.
2022-04-22 08:34:59 - __main__ - INFO - Setpoint has back to 21.
2022-04-22 08:34:59 - __main__ - INFO - Data recorded.
2022-04-22 08:35:00 - __main__ - INFO - Data recorded.
2022-04-22 08:35:00 - __main__ - INFO - Data recorded.
2022-04-22 08:35:01 - __main__ - INFO - Setpoint has back to 21.
2022-04-22 08:35:01 - __main__ - INFO - Data recorded.
2022-04-22 08:35:02 - __main__ - INFO - Data recorded.
2022-04-22 08:35:03 - __main__ - INFO - Data recorded.
2022-04-22 08:35:03 - __main__ - INFO - Setpoint has back to 21.
2022-04-22 08:35:03 - __main__ - INFO - Data recorded.
2022-04-22 08:35:04 - __main__ - INFO - Data recorded.
2022-04-22 08:35:05 - __main__ - INFO - Data recorded.
2022-04-22 08:35:06 - __main__ - INFO - Setpoint has back to 21.
2022-04-22 08:35:06 - __main__ - INFO - Data recorded.
2022-04-22 08:35:07 - __main__ - INFO - Data recorded.
2022-04-22 08:35:07 - __main__ - INFO - Data recorded.
2022-04-22 08:35:08 - __main__ - INFO - Setpoint has back to 21.
2022-04-22 08:35:08 - __main__ - INFO - Data recorded.
2022-04-22 08:35:09 - __main__ - INFO - Data recorded.
2022-04-22 08:35:09 - __main__ - INFO - Data recorded.
